
simple_lsp: system execution failed.
Following is the set of recorded exceptions:

******************************** Thread exception *****************************
In thread           Root thread            0x0 (thread id)
*******************************************************************************
-------------------------------------------------------------------------------
Class / Object      Routine                Nature of exception           Effect
-------------------------------------------------------------------------------
LSP_SERVER          handle_initialize @2   is_request:                  
<000001D673D18658>                         Precondition violated.        Fail
-------------------------------------------------------------------------------
LSP_SERVER          dispatch_message @3                                 
<000001D673D18658>                         Routine failure.              Fail
-------------------------------------------------------------------------------
LSP_SERVER          process_message @7                                  
<000001D673D18658>                         Routine failure.              Fail
-------------------------------------------------------------------------------
LSP_SERVER          run @8                                              
<000001D673D18658>                         Routine failure.              Fail
-------------------------------------------------------------------------------
LSP_APPLICATION     make @5                                             
<000001D673D18588>                         Routine failure.              Fail
-------------------------------------------------------------------------------
LSP_APPLICATION     root's creation                                     
<000001D673D18588>                         Routine failure.              Exit
-------------------------------------------------------------------------------

simple_lsp: system execution failed.
Following is the set of recorded exceptions:

******************************** Thread exception *****************************
In thread           Root thread            0x0 (thread id)
*******************************************************************************
-------------------------------------------------------------------------------
Class / Object      Routine                Nature of exception           Effect
-------------------------------------------------------------------------------
LSP_SERVER          handle_initialize @2   is_request:                  
<0000021167F5F658>                         Precondition violated.        Fail
-------------------------------------------------------------------------------
LSP_SERVER          dispatch_message @3                                 
<0000021167F5F658>                         Routine failure.              Fail
-------------------------------------------------------------------------------
LSP_SERVER          process_message @7                                  
<0000021167F5F658>                         Routine failure.              Fail
-------------------------------------------------------------------------------
LSP_SERVER          run @8                                              
<0000021167F5F658>                         Routine failure.              Fail
-------------------------------------------------------------------------------
LSP_APPLICATION     make @5                                             
<0000021167F5F588>                         Routine failure.              Fail
-------------------------------------------------------------------------------
LSP_APPLICATION     root's creation                                     
<0000021167F5F588>                         Routine failure.              Exit
-------------------------------------------------------------------------------

simple_lsp: system execution failed.
Following is the set of recorded exceptions:

******************************** Thread exception *****************************
In thread           Root thread            0x0 (thread id)
*******************************************************************************
-------------------------------------------------------------------------------
Class / Object      Routine                Nature of exception           Effect
-------------------------------------------------------------------------------
LSP_SERVER          handle_initialize @2   is_request:                  
<000001AE7D9FF658>                         Precondition violated.        Fail
-------------------------------------------------------------------------------
LSP_SERVER          dispatch_message @3                                 
<000001AE7D9FF658>                         Routine failure.              Fail
-------------------------------------------------------------------------------
LSP_SERVER          process_message @7                                  
<000001AE7D9FF658>                         Routine failure.              Fail
-------------------------------------------------------------------------------
LSP_SERVER          run @8                                              
<000001AE7D9FF658>                         Routine failure.              Fail
-------------------------------------------------------------------------------
LSP_APPLICATION     make @5                                             
<000001AE7D9FF588>                         Routine failure.              Fail
-------------------------------------------------------------------------------
LSP_APPLICATION     root's creation                                     
<000001AE7D9FF588>                         Routine failure.              Exit
-------------------------------------------------------------------------------

simple_lsp: system execution failed.
Following is the set of recorded exceptions:

******************************** Thread exception *****************************
In thread           Root thread            0x0 (thread id)
*******************************************************************************
-------------------------------------------------------------------------------
Class / Object      Routine                Nature of exception           Effect
-------------------------------------------------------------------------------
LSP_SERVER          handle_initialize @2   is_request:                  
<00000252BAC49658>                         Precondition violated.        Fail
-------------------------------------------------------------------------------
LSP_SERVER          dispatch_message @3                                 
<00000252BAC49658>                         Routine failure.              Fail
-------------------------------------------------------------------------------
LSP_SERVER          process_message @7                                  
<00000252BAC49658>                         Routine failure.              Fail
-------------------------------------------------------------------------------
LSP_SERVER          run @8                                              
<00000252BAC49658>                         Routine failure.              Fail
-------------------------------------------------------------------------------
LSP_APPLICATION     make @5                                             
<00000252BAC49588>                         Routine failure.              Fail
-------------------------------------------------------------------------------
LSP_APPLICATION     root's creation                                     
<00000252BAC49588>                         Routine failure.              Exit
-------------------------------------------------------------------------------

simple_lsp: system execution failed.
Following is the set of recorded exceptions:

******************************** Thread exception *****************************
In thread           Root thread            0x0 (thread id)
*******************************************************************************
-------------------------------------------------------------------------------
Class / Object      Routine                Nature of exception           Effect
-------------------------------------------------------------------------------
LSP_SERVER          handle_initialize @2   is_request:                  
<000002CB38B96658>                         Precondition violated.        Fail
-------------------------------------------------------------------------------
LSP_SERVER          dispatch_message @3                                 
<000002CB38B96658>                         Routine failure.              Fail
-------------------------------------------------------------------------------
LSP_SERVER          process_message @7                                  
<000002CB38B96658>                         Routine failure.              Fail
-------------------------------------------------------------------------------
LSP_SERVER          run @8                                              
<000002CB38B96658>                         Routine failure.              Fail
-------------------------------------------------------------------------------
LSP_APPLICATION     make @5                                             
<000002CB38B96588>                         Routine failure.              Fail
-------------------------------------------------------------------------------
LSP_APPLICATION     root's creation                                     
<000002CB38B96588>                         Routine failure.              Exit
-------------------------------------------------------------------------------

simple_lsp: system execution failed.
Following is the set of recorded exceptions:

******************************** Thread exception *****************************
In thread           Root thread            0x0 (thread id)
*******************************************************************************
-------------------------------------------------------------------------------
Class / Object      Routine                Nature of exception           Effect
-------------------------------------------------------------------------------
LSP_SERVER          send_response @1       valid_id:                    
<00000215CFE29658>                         Precondition violated.        Fail
-------------------------------------------------------------------------------
LSP_SERVER          handle_initialize @17                               
<00000215CFE29658>                         Routine failure.              Fail
-------------------------------------------------------------------------------
LSP_SERVER          dispatch_message @3                                 
<00000215CFE29658>                         Routine failure.              Fail
-------------------------------------------------------------------------------
LSP_SERVER          process_message @7                                  
<00000215CFE29658>                         Routine failure.              Fail
-------------------------------------------------------------------------------
LSP_SERVER          run @8                                              
<00000215CFE29658>                         Routine failure.              Fail
-------------------------------------------------------------------------------
LSP_APPLICATION     make @5                                             
<00000215CFE29588>                         Routine failure.              Fail
-------------------------------------------------------------------------------
LSP_APPLICATION     root's creation                                     
<00000215CFE29588>                         Routine failure.              Exit
-------------------------------------------------------------------------------

simple_lsp: system execution failed.
Following is the set of recorded exceptions:

******************************** Thread exception *****************************
In thread           Root thread            0x0 (thread id)
*******************************************************************************
-------------------------------------------------------------------------------
Class / Object      Routine                Nature of exception           Effect
-------------------------------------------------------------------------------
LSP_SERVER          send_response @1       valid_id:                    
<0000023A0C69A658>                         Precondition violated.        Fail
-------------------------------------------------------------------------------
LSP_SERVER          handle_initialize @17                               
<0000023A0C69A658>                         Routine failure.              Fail
-------------------------------------------------------------------------------
LSP_SERVER          dispatch_message @3                                 
<0000023A0C69A658>                         Routine failure.              Fail
-------------------------------------------------------------------------------
LSP_SERVER          process_message @7                                  
<0000023A0C69A658>                         Routine failure.              Fail
-------------------------------------------------------------------------------
LSP_SERVER          run @8                                              
<0000023A0C69A658>                         Routine failure.              Fail
-------------------------------------------------------------------------------
LSP_APPLICATION     make @5                                             
<0000023A0C69A588>                         Routine failure.              Fail
-------------------------------------------------------------------------------
LSP_APPLICATION     root's creation                                     
<0000023A0C69A588>                         Routine failure.              Exit
-------------------------------------------------------------------------------

simple_lsp: system execution failed.
Following is the set of recorded exceptions:

******************************** Thread exception *****************************
In thread           Root thread            0x0 (thread id)
*******************************************************************************
-------------------------------------------------------------------------------
Class / Object      Routine                Nature of exception           Effect
-------------------------------------------------------------------------------
LSP_SERVER          send_response @1       valid_id:                    
<00000200564D4658>                         Precondition violated.        Fail
-------------------------------------------------------------------------------
LSP_SERVER          handle_initialize @17                               
<00000200564D4658>                         Routine failure.              Fail
-------------------------------------------------------------------------------
LSP_SERVER          dispatch_message @3                                 
<00000200564D4658>                         Routine failure.              Fail
-------------------------------------------------------------------------------
LSP_SERVER          process_message @7                                  
<00000200564D4658>                         Routine failure.              Fail
-------------------------------------------------------------------------------
LSP_SERVER          run @8                                              
<00000200564D4658>                         Routine failure.              Fail
-------------------------------------------------------------------------------
LSP_APPLICATION     make @5                                             
<00000200564D4588>                         Routine failure.              Fail
-------------------------------------------------------------------------------
LSP_APPLICATION     root's creation                                     
<00000200564D4588>                         Routine failure.              Exit
-------------------------------------------------------------------------------

simple_lsp: system execution failed.
Following is the set of recorded exceptions:

******************************** Thread exception *****************************
In thread           Root thread            0x0 (thread id)
*******************************************************************************
-------------------------------------------------------------------------------
Class / Object      Routine                Nature of exception           Effect
-------------------------------------------------------------------------------
LSP_SERVER          send_response @1       valid_id:                    
<0000023E5DC4A658>                         Precondition violated.        Fail
-------------------------------------------------------------------------------
LSP_SERVER          handle_initialize @17                               
<0000023E5DC4A658>                         Routine failure.              Fail
-------------------------------------------------------------------------------
LSP_SERVER          dispatch_message @3                                 
<0000023E5DC4A658>                         Routine failure.              Fail
-------------------------------------------------------------------------------
LSP_SERVER          process_message @7                                  
<0000023E5DC4A658>                         Routine failure.              Fail
-------------------------------------------------------------------------------
LSP_SERVER          run @8                                              
<0000023E5DC4A658>                         Routine failure.              Fail
-------------------------------------------------------------------------------
LSP_APPLICATION     make @5                                             
<0000023E5DC4A588>                         Routine failure.              Fail
-------------------------------------------------------------------------------
LSP_APPLICATION     root's creation                                     
<0000023E5DC4A588>                         Routine failure.              Exit
-------------------------------------------------------------------------------

simple_lsp: system execution failed.
Following is the set of recorded exceptions:

******************************** Thread exception *****************************
In thread           Root thread            0x0 (thread id)
*******************************************************************************
-------------------------------------------------------------------------------
Class / Object      Routine                Nature of exception           Effect
-------------------------------------------------------------------------------
LSP_SERVER          send_response @1       valid_id:                    
<000002651513F658>                         Precondition violated.        Fail
-------------------------------------------------------------------------------
LSP_SERVER          handle_initialize @17                               
<000002651513F658>                         Routine failure.              Fail
-------------------------------------------------------------------------------
LSP_SERVER          dispatch_message @3                                 
<000002651513F658>                         Routine failure.              Fail
-------------------------------------------------------------------------------
LSP_SERVER          process_message @7                                  
<000002651513F658>                         Routine failure.              Fail
-------------------------------------------------------------------------------
LSP_SERVER          run @8                                              
<000002651513F658>                         Routine failure.              Fail
-------------------------------------------------------------------------------
LSP_APPLICATION     make @5                                             
<000002651513F588>                         Routine failure.              Fail
-------------------------------------------------------------------------------
LSP_APPLICATION     root's creation                                     
<000002651513F588>                         Routine failure.              Exit
-------------------------------------------------------------------------------
