=== LSP Logger Started ===
Log level: DEBUG
2025-12-09T18:08:33 [INFO ] LSP Server initialized for workspace: -
2025-12-09T18:08:33 [INFO ] Server entering main loop
2025-12-09T18:08:33 [DEBUG] Waiting for message...
2025-12-09T18:08:33 [DEBUG] Header line raw [20 chars]: 'Content-Length: 5878'
2025-12-09T18:08:33 [DEBUG] Header line trimmed [20 chars]: 'Content-Length: 5878'
2025-12-09T18:08:33 [DEBUG] Parsed Content-Length: 5878
2025-12-09T18:08:33 [DEBUG] Header line raw [0 chars]: ''
2025-12-09T18:08:33 [DEBUG] Header line trimmed [0 chars]: ''
2025-12-09T18:08:33 [DEBUG] Empty line - headers done
2025-12-09T18:08:33 [DEBUG] Reading body of 5878 bytes
2025-12-09T18:08:33 [DEBUG] Read body [5878 chars]
2025-12-09T18:08:33 [DEBUG] Received message: {"jsonrpc":"2.0","id":0,"method":"initialize","params":{"processId":11896,"clientInfo":{"name":"Visual Studio Code","version":"1.106.3"},"locale":"en","rootPath":"d:\\prod\\simple_json\\src\\core","ro
2025-12-09T18:08:33 [INFO ] Processing: initialize (id=0)
=== LSP Logger Started ===
Log level: DEBUG
2025-12-09T18:08:33 [INFO ] LSP Server initialized for workspace: -
2025-12-09T18:08:33 [INFO ] Server entering main loop
2025-12-09T18:08:33 [DEBUG] Waiting for message...
2025-12-09T18:08:33 [DEBUG] Header line raw [20 chars]: 'Content-Length: 5878'
2025-12-09T18:08:33 [DEBUG] Header line trimmed [20 chars]: 'Content-Length: 5878'
2025-12-09T18:08:33 [DEBUG] Parsed Content-Length: 5878
2025-12-09T18:08:33 [DEBUG] Header line raw [0 chars]: ''
2025-12-09T18:08:33 [DEBUG] Header line trimmed [0 chars]: ''
2025-12-09T18:08:33 [DEBUG] Empty line - headers done
2025-12-09T18:08:33 [DEBUG] Reading body of 5878 bytes
2025-12-09T18:08:33 [DEBUG] Read body [5878 chars]
2025-12-09T18:08:33 [DEBUG] Received message: {"jsonrpc":"2.0","id":0,"method":"initialize","params":{"processId":11896,"clientInfo":{"name":"Visual Studio Code","version":"1.106.3"},"locale":"en","rootPath":"d:\\prod\\simple_json\\src\\core","ro
2025-12-09T18:08:33 [INFO ] Processing: initialize (id=0)
=== LSP Logger Started ===
Log level: DEBUG
2025-12-09T18:08:33 [INFO ] LSP Server initialized for workspace: -
2025-12-09T18:08:33 [INFO ] Server entering main loop
2025-12-09T18:08:33 [DEBUG] Waiting for message...
2025-12-09T18:08:33 [DEBUG] Header line raw [20 chars]: 'Content-Length: 5878'
2025-12-09T18:08:33 [DEBUG] Header line trimmed [20 chars]: 'Content-Length: 5878'
2025-12-09T18:08:33 [DEBUG] Parsed Content-Length: 5878
2025-12-09T18:08:33 [DEBUG] Header line raw [0 chars]: ''
2025-12-09T18:08:33 [DEBUG] Header line trimmed [0 chars]: ''
2025-12-09T18:08:33 [DEBUG] Empty line - headers done
2025-12-09T18:08:33 [DEBUG] Reading body of 5878 bytes
2025-12-09T18:08:33 [DEBUG] Read body [5878 chars]
2025-12-09T18:08:33 [DEBUG] Received message: {"jsonrpc":"2.0","id":0,"method":"initialize","params":{"processId":11896,"clientInfo":{"name":"Visual Studio Code","version":"1.106.3"},"locale":"en","rootPath":"d:\\prod\\simple_json\\src\\core","ro
2025-12-09T18:08:33 [INFO ] Processing: initialize (id=0)
=== LSP Logger Started ===
Log level: DEBUG
2025-12-09T18:08:33 [INFO ] LSP Server initialized for workspace: -
2025-12-09T18:08:33 [INFO ] Server entering main loop
2025-12-09T18:08:33 [DEBUG] Waiting for message...
2025-12-09T18:08:33 [DEBUG] Header line raw [20 chars]: 'Content-Length: 5878'
2025-12-09T18:08:33 [DEBUG] Header line trimmed [20 chars]: 'Content-Length: 5878'
2025-12-09T18:08:33 [DEBUG] Parsed Content-Length: 5878
2025-12-09T18:08:33 [DEBUG] Header line raw [0 chars]: ''
2025-12-09T18:08:33 [DEBUG] Header line trimmed [0 chars]: ''
2025-12-09T18:08:33 [DEBUG] Empty line - headers done
2025-12-09T18:08:33 [DEBUG] Reading body of 5878 bytes
2025-12-09T18:08:33 [DEBUG] Read body [5878 chars]
2025-12-09T18:08:33 [DEBUG] Received message: {"jsonrpc":"2.0","id":0,"method":"initialize","params":{"processId":11896,"clientInfo":{"name":"Visual Studio Code","version":"1.106.3"},"locale":"en","rootPath":"d:\\prod\\simple_json\\src\\core","ro
2025-12-09T18:08:33 [INFO ] Processing: initialize (id=0)
=== LSP Logger Started ===
Log level: DEBUG
2025-12-09T18:08:33 [INFO ] LSP Server initialized for workspace: -
2025-12-09T18:08:33 [INFO ] Server entering main loop
2025-12-09T18:08:33 [DEBUG] Waiting for message...
2025-12-09T18:08:33 [DEBUG] Header line raw [20 chars]: 'Content-Length: 5878'
2025-12-09T18:08:33 [DEBUG] Header line trimmed [20 chars]: 'Content-Length: 5878'
2025-12-09T18:08:33 [DEBUG] Parsed Content-Length: 5878
2025-12-09T18:08:33 [DEBUG] Header line raw [0 chars]: ''
2025-12-09T18:08:33 [DEBUG] Header line trimmed [0 chars]: ''
2025-12-09T18:08:33 [DEBUG] Empty line - headers done
2025-12-09T18:08:33 [DEBUG] Reading body of 5878 bytes
2025-12-09T18:08:33 [DEBUG] Read body [5878 chars]
2025-12-09T18:08:33 [DEBUG] Received message: {"jsonrpc":"2.0","id":0,"method":"initialize","params":{"processId":11896,"clientInfo":{"name":"Visual Studio Code","version":"1.106.3"},"locale":"en","rootPath":"d:\\prod\\simple_json\\src\\core","ro
2025-12-09T18:08:33 [INFO ] Processing: initialize (id=0)
=== LSP Logger Started ===
Log level: DEBUG
2025-12-09T18:16:46 [INFO ] LSP Server initialized for workspace: -
2025-12-09T18:16:46 [INFO ] Server entering main loop
2025-12-09T18:16:46 [DEBUG] Waiting for message...
2025-12-09T18:16:46 [DEBUG] Header line raw [20 chars]: 'Content-Length: 5877'
2025-12-09T18:16:46 [DEBUG] Header line trimmed [20 chars]: 'Content-Length: 5877'
2025-12-09T18:16:46 [DEBUG] Parsed Content-Length: 5877
2025-12-09T18:16:46 [DEBUG] Header line raw [0 chars]: ''
2025-12-09T18:16:46 [DEBUG] Header line trimmed [0 chars]: ''
2025-12-09T18:16:46 [DEBUG] Empty line - headers done
2025-12-09T18:16:46 [DEBUG] Reading body of 5877 bytes
2025-12-09T18:16:46 [DEBUG] Read body [5877 chars]
2025-12-09T18:16:46 [DEBUG] Received message: {"jsonrpc":"2.0","id":0,"method":"initialize","params":{"processId":1432,"clientInfo":{"name":"Visual Studio Code","version":"1.106.3"},"locale":"en","rootPath":"d:\\prod\\simple_json\\src\\core","roo
2025-12-09T18:16:46 [INFO ] Processing: initialize (id=0)
2025-12-09T18:16:46 [INFO ] Handling initialize request
=== LSP Logger Started ===
Log level: DEBUG
2025-12-09T18:16:46 [INFO ] LSP Server initialized for workspace: -
2025-12-09T18:16:46 [INFO ] Server entering main loop
2025-12-09T18:16:46 [DEBUG] Waiting for message...
2025-12-09T18:16:46 [DEBUG] Header line raw [20 chars]: 'Content-Length: 5877'
2025-12-09T18:16:46 [DEBUG] Header line trimmed [20 chars]: 'Content-Length: 5877'
2025-12-09T18:16:46 [DEBUG] Parsed Content-Length: 5877
2025-12-09T18:16:46 [DEBUG] Header line raw [0 chars]: ''
2025-12-09T18:16:46 [DEBUG] Header line trimmed [0 chars]: ''
2025-12-09T18:16:46 [DEBUG] Empty line - headers done
2025-12-09T18:16:46 [DEBUG] Reading body of 5877 bytes
2025-12-09T18:16:46 [DEBUG] Read body [5877 chars]
2025-12-09T18:16:46 [DEBUG] Received message: {"jsonrpc":"2.0","id":0,"method":"initialize","params":{"processId":1432,"clientInfo":{"name":"Visual Studio Code","version":"1.106.3"},"locale":"en","rootPath":"d:\\prod\\simple_json\\src\\core","roo
2025-12-09T18:16:46 [INFO ] Processing: initialize (id=0)
2025-12-09T18:16:46 [INFO ] Handling initialize request
=== LSP Logger Started ===
Log level: DEBUG
2025-12-09T18:16:47 [INFO ] LSP Server initialized for workspace: -
2025-12-09T18:16:47 [INFO ] Server entering main loop
2025-12-09T18:16:47 [DEBUG] Waiting for message...
2025-12-09T18:16:47 [DEBUG] Header line raw [20 chars]: 'Content-Length: 5877'
2025-12-09T18:16:47 [DEBUG] Header line trimmed [20 chars]: 'Content-Length: 5877'
2025-12-09T18:16:47 [DEBUG] Parsed Content-Length: 5877
2025-12-09T18:16:47 [DEBUG] Header line raw [0 chars]: ''
2025-12-09T18:16:47 [DEBUG] Header line trimmed [0 chars]: ''
2025-12-09T18:16:47 [DEBUG] Empty line - headers done
2025-12-09T18:16:47 [DEBUG] Reading body of 5877 bytes
2025-12-09T18:16:47 [DEBUG] Read body [5877 chars]
2025-12-09T18:16:47 [DEBUG] Received message: {"jsonrpc":"2.0","id":0,"method":"initialize","params":{"processId":1432,"clientInfo":{"name":"Visual Studio Code","version":"1.106.3"},"locale":"en","rootPath":"d:\\prod\\simple_json\\src\\core","roo
2025-12-09T18:16:47 [INFO ] Processing: initialize (id=0)
2025-12-09T18:16:47 [INFO ] Handling initialize request
=== LSP Logger Started ===
Log level: DEBUG
2025-12-09T18:16:47 [INFO ] LSP Server initialized for workspace: -
2025-12-09T18:16:47 [INFO ] Server entering main loop
2025-12-09T18:16:47 [DEBUG] Waiting for message...
2025-12-09T18:16:47 [DEBUG] Header line raw [20 chars]: 'Content-Length: 5877'
2025-12-09T18:16:47 [DEBUG] Header line trimmed [20 chars]: 'Content-Length: 5877'
2025-12-09T18:16:47 [DEBUG] Parsed Content-Length: 5877
2025-12-09T18:16:47 [DEBUG] Header line raw [0 chars]: ''
2025-12-09T18:16:47 [DEBUG] Header line trimmed [0 chars]: ''
2025-12-09T18:16:47 [DEBUG] Empty line - headers done
2025-12-09T18:16:47 [DEBUG] Reading body of 5877 bytes
2025-12-09T18:16:47 [DEBUG] Read body [5877 chars]
2025-12-09T18:16:47 [DEBUG] Received message: {"jsonrpc":"2.0","id":0,"method":"initialize","params":{"processId":1432,"clientInfo":{"name":"Visual Studio Code","version":"1.106.3"},"locale":"en","rootPath":"d:\\prod\\simple_json\\src\\core","roo
2025-12-09T18:16:47 [INFO ] Processing: initialize (id=0)
2025-12-09T18:16:47 [INFO ] Handling initialize request
=== LSP Logger Started ===
Log level: DEBUG
2025-12-09T18:16:47 [INFO ] LSP Server initialized for workspace: -
2025-12-09T18:16:47 [INFO ] Server entering main loop
2025-12-09T18:16:47 [DEBUG] Waiting for message...
2025-12-09T18:16:47 [DEBUG] Header line raw [20 chars]: 'Content-Length: 5877'
2025-12-09T18:16:47 [DEBUG] Header line trimmed [20 chars]: 'Content-Length: 5877'
2025-12-09T18:16:47 [DEBUG] Parsed Content-Length: 5877
2025-12-09T18:16:47 [DEBUG] Header line raw [0 chars]: ''
2025-12-09T18:16:47 [DEBUG] Header line trimmed [0 chars]: ''
2025-12-09T18:16:47 [DEBUG] Empty line - headers done
2025-12-09T18:16:47 [DEBUG] Reading body of 5877 bytes
2025-12-09T18:16:47 [DEBUG] Read body [5877 chars]
2025-12-09T18:16:47 [DEBUG] Received message: {"jsonrpc":"2.0","id":0,"method":"initialize","params":{"processId":1432,"clientInfo":{"name":"Visual Studio Code","version":"1.106.3"},"locale":"en","rootPath":"d:\\prod\\simple_json\\src\\core","roo
2025-12-09T18:16:47 [INFO ] Processing: initialize (id=0)
2025-12-09T18:16:47 [INFO ] Handling initialize request
=== LSP Logger Started ===
Log level: DEBUG
2025-12-09T18:22:27 [INFO ] LSP Server initialized for workspace: -
2025-12-09T18:22:27 [INFO ] Server entering main loop
2025-12-09T18:22:27 [DEBUG] Waiting for message...
2025-12-09T18:22:27 [DEBUG] Header line raw [20 chars]: 'Content-Length: 5878'
2025-12-09T18:22:27 [DEBUG] Header line trimmed [20 chars]: 'Content-Length: 5878'
2025-12-09T18:22:27 [DEBUG] Parsed Content-Length: 5878
2025-12-09T18:22:27 [DEBUG] Header line raw [0 chars]: ''
2025-12-09T18:22:27 [DEBUG] Header line trimmed [0 chars]: ''
2025-12-09T18:22:27 [DEBUG] Empty line - headers done
2025-12-09T18:22:27 [DEBUG] Reading body of 5878 bytes
2025-12-09T18:22:27 [DEBUG] Read body [5878 chars]
2025-12-09T18:22:27 [DEBUG] Received message: {"jsonrpc":"2.0","id":0,"method":"initialize","params":{"processId":21956,"clientInfo":{"name":"Visual Studio Code","version":"1.106.3"},"locale":"en","rootPath":"d:\\prod\\simple_json\\src\\core","ro
2025-12-09T18:22:27 [INFO ] Processing: initialize (id=0)
2025-12-09T18:22:27 [INFO ] Handling initialize request
2025-12-09T18:22:27 [DEBUG] Sending: {"jsonrpc":"2.0","id":0,"result":{"capabilities":{"textDocumentSync":{"openClose":1,"change":1},"definitionProvider":true,"hoverProvider":true,"completionProvider":{"resolveProvider":true},"documentSy
2025-12-09T18:22:27 [INFO ] Server initialized successfully
2025-12-09T18:22:27 [DEBUG] Waiting for message...
2025-12-09T18:23:52 [DEBUG] EOF reached while reading headers
